TN:
SF:config.js
FN:5,(anonymous_0)
FNF:1
FNH:0
FNDA:0,(anonymous_0)
DA:4,1
DA:5,1
DA:7,1
LF:3
LH:3
BRDA:4,0,0,1
BRDA:4,0,1,1
BRDA:5,1,0,0
BRDA:5,1,1,0
BRDA:5,2,0,0
BRDA:5,2,1,0
BRDA:14,3,0,1
BRDA:14,3,1,1
BRDA:15,4,0,1
BRDA:15,4,1,1
BRDA:16,5,0,1
BRDA:16,5,1,1
BRDA:17,6,0,1
BRDA:17,6,1,1
BRDA:18,7,0,1
BRDA:18,7,1,1
BRDA:20,8,0,1
BRDA:20,8,1,1
BRDA:20,8,2,1
BRDA:21,9,0,1
BRDA:21,9,1,1
BRDA:21,9,2,1
BRDA:26,10,0,1
BRDA:26,10,1,1
BRDA:27,11,0,1
BRDA:27,11,1,1
BRF:26
BRH:22
end_of_record
TN:
SF:apps/ukvi-complaints/behaviours/add-to-casework.js
FN:6,(anonymous_0)
FN:8,(anonymous_1)
FN:19,(anonymous_2)
FN:22,(anonymous_3)
FN:31,(anonymous_4)
FNF:5
FNH:1
FNDA:1,(anonymous_0)
FNDA:0,(anonymous_1)
FNDA:0,(anonymous_2)
FNDA:0,(anonymous_3)
FNDA:0,(anonymous_4)
DA:2,1
DA:3,1
DA:4,1
DA:6,1
DA:9,0
DA:10,0
DA:11,0
DA:14,0
DA:15,0
DA:17,0
DA:18,0
DA:20,0
DA:23,0
DA:27,0
DA:32,0
DA:33,0
LF:16
LH:4
BRDA:10,0,0,0
BRDA:10,0,1,0
BRDA:17,1,0,0
BRDA:17,1,1,0
BRF:4
BRH:0
end_of_record
TN:
SF:apps/ukvi-complaints/lib/format-complaint-data.js
FN:15,(anonymous_0)
FNF:1
FNH:0
FNDA:0,(anonymous_0)
DA:3,1
DA:4,1
DA:5,1
DA:6,1
DA:7,1
DA:8,1
DA:9,1
DA:10,1
DA:11,1
DA:12,1
DA:15,1
DA:16,0
DA:18,0
DA:19,0
DA:22,0
DA:23,0
DA:26,0
DA:27,0
DA:30,0
DA:31,0
DA:34,0
DA:35,0
DA:38,0
DA:39,0
DA:42,0
DA:43,0
DA:44,0
DA:47,0
DA:48,0
DA:51,0
DA:52,0
DA:55,0
DA:56,0
DA:59,0
DA:63,1
LF:35
LH:12
BRDA:16,0,0,0
BRDA:16,0,1,0
BRDA:16,0,2,0
BRDA:16,0,3,0
BRDA:16,0,4,0
BRDA:16,0,5,0
BRDA:16,0,6,0
BRDA:16,0,7,0
BRDA:16,0,8,0
BRDA:16,0,9,0
BRDA:42,1,0,0
BRDA:42,1,1,0
BRF:12
BRH:0
end_of_record
TN:
SF:apps/ukvi-complaints/lib/utils.js
FN:8,(anonymous_0)
FN:24,(anonymous_1)
FN:33,(anonymous_2)
FN:41,(anonymous_3)
FN:44,(anonymous_4)
FNF:5
FNH:4
FNDA:2,(anonymous_0)
FNDA:3,(anonymous_1)
FNDA:3,(anonymous_2)
FNDA:3,(anonymous_3)
FNDA:0,(anonymous_4)
DA:2,6
DA:3,6
DA:4,6
DA:5,6
DA:6,6
DA:8,6
DA:9,2
DA:10,2
DA:11,2
DA:13,2
DA:14,1
DA:17,1
DA:19,1
DA:24,6
DA:25,3
DA:26,3
DA:33,3
DA:34,3
DA:42,3
DA:45,0
DA:49,0
DA:53,6
LF:22
LH:20
BRDA:13,0,0,1
BRDA:13,0,1,1
BRF:2
BRH:2
end_of_record
TN:
SF:apps/ukvi-complaints/lib/json-converters/brp.js
FN:5,(anonymous_0)
FN:11,(anonymous_1)
FNF:2
FNH:0
FNDA:0,(anonymous_0)
FNDA:0,(anonymous_1)
DA:2,1
DA:6,0
DA:7,0
DA:8,0
DA:12,0
DA:14,0
DA:16,0
DA:18,0
DA:23,1
LF:9
LH:2
BRDA:12,0,0,0
BRDA:12,0,1,0
BRDA:12,0,2,0
BRF:3
BRH:0
end_of_record
TN:
SF:apps/ukvi-complaints/lib/json-converters/complaint.js
FN:5,(anonymous_0)
FN:26,(anonymous_1)
FN:41,(anonymous_2)
FN:79,(anonymous_3)
FN:106,(anonymous_4)
FNF:5
FNH:5
FNDA:21,(anonymous_0)
FNDA:6,(anonymous_1)
FNDA:21,(anonymous_2)
FNDA:5,(anonymous_3)
FNDA:3,(anonymous_4)
DA:2,22
DA:6,21
DA:7,21
DA:17,20
DA:18,5
DA:21,19
DA:22,3
DA:27,6
DA:29,2
DA:31,1
DA:33,1
DA:35,1
DA:37,1
DA:42,21
DA:44,6
DA:58,5
DA:59,1
DA:61,5
DA:63,15
DA:70,15
DA:71,1
DA:73,15
DA:75,0
DA:80,5
DA:82,1
DA:87,1
DA:92,1
DA:97,1
DA:102,1
DA:107,3
DA:109,1
DA:111,1
DA:113,1
DA:118,22
LF:34
LH:33
BRDA:17,0,0,5
BRDA:17,0,1,15
BRDA:17,1,0,20
BRDA:17,1,1,6
BRDA:21,2,0,3
BRDA:21,2,1,16
BRDA:27,3,0,2
BRDA:27,3,1,1
BRDA:27,3,2,1
BRDA:27,3,3,1
BRDA:27,3,4,1
BRDA:42,4,0,6
BRDA:42,4,1,15
BRDA:42,4,2,0
BRDA:58,5,0,1
BRDA:58,5,1,4
BRDA:70,6,0,1
BRDA:70,6,1,14
BRDA:80,7,0,1
BRDA:80,7,1,1
BRDA:80,7,2,1
BRDA:80,7,3,1
BRDA:80,7,4,1
BRDA:107,8,0,1
BRDA:107,8,1,1
BRDA:107,8,2,1
BRF:26
BRH:25
end_of_record
TN:
SF:apps/ukvi-complaints/lib/json-converters/decision.js
FN:5,(anonymous_0)
FN:11,(anonymous_1)
FNF:2
FNH:0
FNDA:0,(anonymous_0)
FNDA:0,(anonymous_1)
DA:2,1
DA:6,0
DA:7,0
DA:8,0
DA:12,0
DA:14,0
DA:16,0
DA:21,1
LF:8
LH:2
BRDA:12,0,0,0
BRDA:12,0,1,0
BRF:2
BRH:0
end_of_record
TN:
SF:apps/ukvi-complaints/lib/json-converters/delays.js
FN:5,(anonymous_0)
FN:14,(anonymous_1)
FN:23,(anonymous_2)
FNF:3
FNH:0
FNDA:0,(anonymous_0)
FNDA:0,(anonymous_1)
FNDA:0,(anonymous_2)
DA:2,1
DA:6,0
DA:7,0
DA:8,0
DA:9,0
DA:10,0
DA:15,0
DA:17,0
DA:19,0
DA:24,0
DA:26,0
DA:28,0
DA:30,0
DA:36,1
LF:14
LH:2
BRDA:9,0,0,0
BRDA:9,0,1,0
BRDA:15,1,0,0
BRDA:15,1,1,0
BRDA:24,2,0,0
BRDA:24,2,1,0
BRDA:24,2,2,0
BRF:7
BRH:0
end_of_record
TN:
SF:apps/ukvi-complaints/lib/json-converters/existing.js
FN:5,(anonymous_0)
FN:11,(anonymous_1)
FN:25,(anonymous_2)
FNF:3
FNH:0
FNDA:0,(anonymous_0)
FNDA:0,(anonymous_1)
FNDA:0,(anonymous_2)
DA:2,1
DA:6,0
DA:7,0
DA:8,0
DA:12,0
DA:14,0
DA:18,0
DA:26,0
DA:28,0
DA:30,0
DA:32,0
DA:34,0
DA:36,0
DA:38,0
DA:40,0
DA:42,0
DA:44,0
DA:49,1
LF:18
LH:2
BRDA:12,0,0,0
BRDA:12,0,1,0
BRDA:26,1,0,0
BRDA:26,1,1,0
BRDA:26,1,2,0
BRDA:26,1,3,0
BRDA:26,1,4,0
BRDA:26,1,5,0
BRDA:26,1,6,0
BRDA:26,1,7,0
BRDA:26,1,8,0
BRF:11
BRH:0
end_of_record
TN:
SF:apps/ukvi-complaints/lib/json-converters/information-issue.js
FN:5,(anonymous_0)
FNF:1
FNH:0
FNDA:0,(anonymous_0)
DA:2,1
DA:6,0
DA:7,0
DA:11,1
LF:4
LH:2
BRF:0
BRH:0
end_of_record
TN:
SF:apps/ukvi-complaints/lib/json-converters/making-appointment.js
FN:5,(anonymous_0)
FN:11,(anonymous_1)
FNF:2
FNH:0
FNDA:0,(anonymous_0)
FNDA:0,(anonymous_1)
DA:2,1
DA:6,0
DA:7,0
DA:8,0
DA:12,0
DA:14,0
DA:16,0
DA:18,0
DA:20,0
DA:22,0
DA:28,1
LF:11
LH:2
BRDA:12,0,0,0
BRDA:12,0,1,0
BRDA:12,0,2,0
BRDA:12,0,3,0
BRDA:12,0,4,0
BRF:5
BRH:0
end_of_record
TN:
SF:apps/ukvi-complaints/lib/json-converters/refund.js
FN:5,(anonymous_0)
FN:24,(anonymous_1)
FN:35,(anonymous_2)
FNF:3
FNH:0
FNDA:0,(anonymous_0)
FNDA:0,(anonymous_1)
FNDA:0,(anonymous_2)
DA:2,1
DA:6,0
DA:7,0
DA:8,0
DA:10,0
DA:11,0
DA:16,0
DA:17,0
DA:25,0
DA:27,0
DA:29,0
DA:31,0
DA:36,0
DA:38,0
DA:40,0
DA:42,0
DA:44,0
DA:46,0
DA:48,0
DA:54,1
LF:20
LH:2
BRDA:10,0,0,0
BRDA:10,0,1,0
BRDA:16,1,0,0
BRDA:16,1,1,0
BRDA:25,2,0,0
BRDA:25,2,1,0
BRDA:25,2,2,0
BRDA:36,3,0,0
BRDA:36,3,1,0
BRDA:36,3,2,0
BRDA:36,3,3,0
BRDA:36,3,4,0
BRDA:36,3,5,0
BRF:13
BRH:0
end_of_record
TN:
SF:apps/ukvi-complaints/lib/json-converters/something-else.js
FN:5,(anonymous_0)
FNF:1
FNH:0
FNDA:0,(anonymous_0)
DA:2,1
DA:6,0
DA:7,0
DA:11,1
LF:4
LH:2
BRF:0
BRH:0
end_of_record
TN:
SF:apps/ukvi-complaints/lib/json-converters/staff-behaviour.js
FN:5,(anonymous_0)
FN:11,(anonymous_1)
FN:22,(anonymous_2)
FN:50,(anonymous_3)
FN:62,(anonymous_4)
FNF:5
FNH:0
FNDA:0,(anonymous_0)
FNDA:0,(anonymous_1)
FNDA:0,(anonymous_2)
FNDA:0,(anonymous_3)
FNDA:0,(anonymous_4)
DA:2,1
DA:6,0
DA:7,0
DA:8,0
DA:12,0
DA:14,0
DA:16,0
DA:18,0
DA:23,0
DA:27,0
DA:29,0
DA:34,0
DA:36,0
DA:40,0
DA:42,0
DA:46,0
DA:51,0
DA:63,0
DA:69,1
LF:19
LH:2
BRDA:12,0,0,0
BRDA:12,0,1,0
BRDA:12,0,2,0
BRDA:27,1,0,0
BRDA:27,1,1,0
BRDA:27,1,2,0
BRF:6
BRH:0
end_of_record
TN:
SF:apps/ukvi-complaints/lib/json-converters/submitting-application.js
FN:5,(anonymous_0)
FN:11,(anonymous_1)
FNF:2
FNH:0
FNDA:0,(anonymous_0)
FNDA:0,(anonymous_1)
DA:2,1
DA:6,0
DA:7,0
DA:8,0
DA:12,0
DA:14,0
DA:16,0
DA:18,0
DA:23,1
LF:9
LH:2
BRDA:12,0,0,0
BRDA:12,0,1,0
BRDA:12,0,2,0
BRF:3
BRH:0
end_of_record
