{
  "stats": {
    "suites": 4,
    "tests": 1,
    "passes": 0,
    "pending": 0,
    "failures": 1,
    "start": "2021-03-17T16:11:59.590Z",
    "end": "2021-03-17T16:11:59.604Z",
    "duration": 14,
    "testsRegistered": 1,
    "passPercent": 0,
    "pendingPercent": 0,
    "other": 0,
    "hasOther": false,
    "skipped": 0,
    "hasSkipped": false
  },
  "results": [
    {
      "uuid": "841ec064-d53d-4997-91fd-acfc4f17adc2",
      "title": "",
      "fullFile": "",
      "file": "",
      "beforeHooks": [],
      "afterHooks": [],
      "tests": [],
      "suites": [
        {
          "uuid": "b86fa7b1-56b5-4b5b-8fd5-239f3f2910b6",
          "title": "Complaint",
          "fullFile": "/Users/JosephCoker/Projects/Home-Office/HOF/ukvi-complaints/test/unit/lib/json-converters/complaint.spec.js",
          "file": "/test/unit/lib/json-converters/complaint.spec.js",
          "beforeHooks": [
            {
              "title": "\"before each\" hook in \"Complaint\"",
              "fullTitle": "Complaint \"before each\" hook in \"Complaint\"",
              "timedOut": false,
              "duration": 6,
              "state": null,
              "speed": null,
              "pass": false,
              "fail": false,
              "pending": false,
              "context": null,
              "code": "const momentStub = sinon.stub().returns({\n      format: () => (creationDate)\n    });\n    Complaint = proxyquire('../../../../apps/ukvi-complaints/lib/json-converters/complaint', {\n      'moment': momentStub\n    });",
              "err": {},
              "uuid": "33528974-282d-4f71-94d9-e5e2289327a8",
              "parentUUID": "b86fa7b1-56b5-4b5b-8fd5-239f3f2910b6",
              "isHook": true,
              "skipped": false
            }
          ],
          "afterHooks": [],
          "tests": [],
          "suites": [
            {
              "uuid": "2a00a716-5f4a-48ab-8cd7-6c1ba6138b5a",
              "title": "complaintAttributes",
              "fullFile": "/Users/JosephCoker/Projects/Home-Office/HOF/ukvi-complaints/test/unit/lib/json-converters/complaint.spec.js",
              "file": "/test/unit/lib/json-converters/complaint.spec.js",
              "beforeHooks": [],
              "afterHooks": [],
              "tests": [],
              "suites": [
                {
                  "uuid": "9ccca6af-43a2-4b9c-92cf-418bd5514d01",
                  "title": "complaintDetails",
                  "fullFile": "/Users/JosephCoker/Projects/Home-Office/HOF/ukvi-complaints/test/unit/lib/json-converters/complaint.spec.js",
                  "file": "/test/unit/lib/json-converters/complaint.spec.js",
                  "beforeHooks": [],
                  "afterHooks": [],
                  "tests": [],
                  "suites": [
                    {
                      "uuid": "11ff7777-e92e-42ee-8f13-ac3251150497",
                      "title": "applicationLocation",
                      "fullFile": "/Users/JosephCoker/Projects/Home-Office/HOF/ukvi-complaints/test/unit/lib/json-converters/complaint.spec.js",
                      "file": "/test/unit/lib/json-converters/complaint.spec.js",
                      "beforeHooks": [
                        {
                          "title": "\"before each\" hook in \"applicationLocation\"",
                          "fullTitle": "Complaint complaintAttributes complaintDetails applicationLocation \"before each\" hook in \"applicationLocation\"",
                          "timedOut": false,
                          "duration": 0,
                          "state": null,
                          "speed": null,
                          "pass": false,
                          "fail": false,
                          "pending": false,
                          "context": null,
                          "code": "values = applicantTestValues;",
                          "err": {},
                          "uuid": "4972f1b0-823b-4dfc-aa7e-57ee49c9afa5",
                          "parentUUID": "11ff7777-e92e-42ee-8f13-ac3251150497",
                          "isHook": true,
                          "skipped": false
                        }
                      ],
                      "afterHooks": [],
                      "tests": [
                        {
                          "title": "It throws an error if invalid \"where-applied-from-supplied\"",
                          "fullTitle": "Complaint complaintAttributes complaintDetails applicationLocation It throws an error if invalid \"where-applied-from-supplied\"",
                          "timedOut": false,
                          "duration": 1,
                          "state": "failed",
                          "speed": null,
                          "pass": false,
                          "fail": true,
                          "pending": false,
                          "context": null,
                          "code": "values['where-applied-from'] = 'location';\nexpect(new Complaint(values)).to.throw('invalid location');",
                          "err": {
                            "message": "Error: invalid location",
                            "estack": "Error: invalid location\n    at Complaint.applicationLocationEnum (apps/ukvi-complaints/lib/json-converters/complaint.js:2:3922)\n    at new Complaint (apps/ukvi-complaints/lib/json-converters/complaint.js:2:969)\n    at Context.<anonymous> (test/unit/lib/json-converters/complaint.spec.js:312:18)\n    at processImmediate (internal/timers.js:439:21)\n    at process.topLevelDomainCallback (domain.js:126:23)",
                            "diff": null
                          },
                          "uuid": "73283c30-9364-4a2b-8130-a93e3a963c3e",
                          "parentUUID": "11ff7777-e92e-42ee-8f13-ac3251150497",
                          "isHook": false,
                          "skipped": false
                        }
                      ],
                      "suites": [],
                      "passes": [],
                      "failures": [
                        "73283c30-9364-4a2b-8130-a93e3a963c3e"
                      ],
                      "pending": [],
                      "skipped": [],
                      "duration": 1,
                      "root": false,
                      "rootEmpty": false,
                      "_timeout": 2000
                    }
                  ],
                  "passes": [],
                  "failures": [],
                  "pending": [],
                  "skipped": [],
                  "duration": 0,
                  "root": false,
                  "rootEmpty": false,
                  "_timeout": 2000
                }
              ],
              "passes": [],
              "failures": [],
              "pending": [],
              "skipped": [],
              "duration": 0,
              "root": false,
              "rootEmpty": false,
              "_timeout": 2000
            }
          ],
          "passes": [],
          "failures": [],
          "pending": [],
          "skipped": [],
          "duration": 0,
          "root": false,
          "rootEmpty": false,
          "_timeout": 2000
        }
      ],
      "passes": [],
      "failures": [],
      "pending": [],
      "skipped": [],
      "duration": 0,
      "root": true,
      "rootEmpty": true,
      "_timeout": 2000
    }
  ],
  "meta": {
    "mocha": {
      "version": "8.3.2"
    },
    "mochawesome": {
      "options": {
        "quiet": false,
        "reportFilename": "unit",
        "saveHtml": true,
        "saveJson": true,
        "consoleReporter": "none",
        "useInlineDiffs": false,
        "code": true
      },
      "version": "6.2.2"
    },
    "marge": {
      "options": {
        "id": "default",
        "consoleReporter": "none",
        "reportDir": "test/executions/mochawesome",
        "reportFilename": "unit"
      },
      "version": "5.2.0"
    }
  }
}