{
  "stats": {
    "suites": 2,
    "tests": 1,
    "passes": 0,
    "pending": 0,
    "failures": 1,
    "start": "2021-03-15T15:18:11.646Z",
    "end": "2021-03-15T15:18:11.655Z",
    "duration": 9,
    "testsRegistered": 1,
    "passPercent": 0,
    "pendingPercent": 0,
    "other": 0,
    "hasOther": false,
    "skipped": 0,
    "hasSkipped": false
  },
  "results": [
    {
      "uuid": "5adb7c2f-279e-4d71-aa94-87025da75163",
      "title": "",
      "fullFile": "",
      "file": "",
      "beforeHooks": [],
      "afterHooks": [],
      "tests": [],
      "suites": [
        {
          "uuid": "0f1fcf9a-aedd-4c4c-9b8e-29f2616ea125",
          "title": "Add to casework system",
          "fullFile": "/Users/JosephCoker/Projects/Home-Office/HOF/ukvi-complaints/test/unit/behaviours/add-to-casework.spec.js",
          "file": "/test/unit/behaviours/add-to-casework.spec.js",
          "beforeHooks": [],
          "afterHooks": [],
          "tests": [],
          "suites": [
            {
              "uuid": "fa6bcba2-265f-4cbe-88e2-f0c912574bea",
              "title": "#process",
              "fullFile": "/Users/JosephCoker/Projects/Home-Office/HOF/ukvi-complaints/test/unit/behaviours/add-to-casework.spec.js",
              "file": "/test/unit/behaviours/add-to-casework.spec.js",
              "beforeHooks": [
                {
                  "title": "\"before each\" hook in \"#process\"",
                  "fullTitle": "Add to casework system #process \"before each\" hook in \"#process\"",
                  "timedOut": false,
                  "duration": 1,
                  "state": null,
                  "speed": null,
                  "pass": false,
                  "fail": false,
                  "pending": false,
                  "context": null,
                  "code": "this.clock = date => sinon.useFakeTimers(new Date(date));\nthis.clock('2021-01-01');\nreq = {\n  sessionModel: {\n    attributes: {\n      'csrf-secret': 'pTuaXZfpEH4Hi2GwjNTEH4ej',\n      errors: null,\n      reason: 'immigration-application',\n      steps:\n      ['/reason',\n        '/immigration-application',\n        '/application-technical',\n        '/application-ref-numbers',\n        '/acting-as-agent',\n        '/who-representing',\n        '/agent-name',\n        '/agent-contact-details',\n        '/agent-representative-name',\n        '/agent-representative-dob',\n        '/agent-representative-nationality',\n        '/complaint-details'],\n      'immigration-application': 'technical-issues',\n      'who-representing': 'legal-rep',\n      'agent-name': 'mm',\n      'agent-email': 'test@test.com',\n      'agent-phone': '12435667889',\n      'agent-representative-name': 'pp',\n      'agent-representative-dob': '1980-02-02',\n      'agent-representative-nationality': 'Ukraine',\n      'complaint-details': 'test',\n      'where-applied-from': 'inside-uk',\n      'reference-numbers': 'gwf',\n      'gwf-reference': 'GWF012345678',\n      'ho-reference': '',\n      'ihs-reference': '',\n      'uan-reference': '',\n      'acting-as-agent': 'yes' },\n  }\n};\nAddToCasework = Behaviour(Base);\ntestInstance = new AddToCasework();",
                  "err": {},
                  "uuid": "9599cb30-7e73-4507-8206-493e46c3549e",
                  "parentUUID": "fa6bcba2-265f-4cbe-88e2-f0c912574bea",
                  "isHook": true,
                  "skipped": false
                }
              ],
              "afterHooks": [],
              "tests": [
                {
                  "title": "It should add the complaintData to request",
                  "fullTitle": "Add to casework system #process It should add the complaintData to request",
                  "timedOut": false,
                  "duration": 2,
                  "state": "failed",
                  "speed": null,
                  "pass": false,
                  "fail": true,
                  "pending": false,
                  "context": null,
                  "code": "testInstance.process(req, res, () => {});\nconsole.log(req);\nconsole.log(req.form.complaintData);\n// expect(req.form.complaintData).to.deep.equal({\n//   creationDate\n// });",
                  "err": {
                    "message": "TypeError: Cannot read property 'complaintData' of undefined",
                    "estack": "TypeError: Cannot read property 'complaintData' of undefined\n    at Context.it (test/unit/behaviours/add-to-casework.spec.js:66:28)\n    at process.topLevelDomainCallback (domain.js:121:23)",
                    "diff": null
                  },
                  "uuid": "60588a30-0205-48ce-a844-ebc17a91e216",
                  "parentUUID": "fa6bcba2-265f-4cbe-88e2-f0c912574bea",
                  "isHook": false,
                  "skipped": false
                }
              ],
              "suites": [],
              "passes": [],
              "failures": [
                "60588a30-0205-48ce-a844-ebc17a91e216"
              ],
              "pending": [],
              "skipped": [],
              "duration": 2,
              "root": false,
              "rootEmpty": false,
              "_timeout": 2000
            }
          ],
          "passes": [],
          "failures": [],
          "pending": [],
          "skipped": [],
          "duration": 0,
          "root": false,
          "rootEmpty": false,
          "_timeout": 2000
        }
      ],
      "passes": [],
      "failures": [],
      "pending": [],
      "skipped": [],
      "duration": 0,
      "root": true,
      "rootEmpty": true,
      "_timeout": 2000
    }
  ],
  "meta": {
    "mocha": {
      "version": "8.3.2"
    },
    "mochawesome": {
      "options": {
        "quiet": false,
        "reportFilename": "unit",
        "saveHtml": true,
        "saveJson": true,
        "consoleReporter": "none",
        "useInlineDiffs": false,
        "code": true
      },
      "version": "6.2.2"
    },
    "marge": {
      "options": {
        "id": "default",
        "consoleReporter": "none",
        "reportDir": "test/executions/mochawesome",
        "reportFilename": "unit"
      },
      "version": "5.2.0"
    }
  }
}